[2025-04-26 03:00:01] Starting backup process for Damned Designs e-commerce system...
[2025-04-26 03:00:01] Creating database backup...
[2025-04-26 03:00:03] Backing up key configuration files...
[2025-04-26 03:00:03] Creating compressed backup archive...
20250426_030001/
20250426_030001/Caddyfile
20250426_030001/medusa_db_20250426_030001.sql
20250426_030001/backend.env
20250426_030001/documentation/
20250426_030001/documentation/COD.md
20250426_030001/documentation/Sezzle.md
20250426_030001/documentation/PM2.md
20250426_030001/documentation/BACKEND.md
20250426_030001/documentation/SMTP.md
20250426_030001/documentation/.gitignore
20250426_030001/documentation/storefront.md
20250426_030001/documentation/STOREFRONT.md
20250426_030001/documentation/NMI.md
20250426_030001/documentation/BACKUP.md
20250426_030001/documentation/IMAGES.md
20250426_030001/documentation/system-overview.md
20250426_030001/documentation/ADMIN.md
20250426_030001/ecosystem.config.js
20250426_030001/admin.env
20250426_030001/storefront.env
[2025-04-26 03:00:05] Cleaning up temporary files...
[2025-04-26 03:00:05] Uploading backup to Google Drive...
 28664026 backups/damneddesigns_backup_20250425_030001.tar.gz
 28662892 backups/damneddesigns_backup_20250424_030001.tar.gz
 28664026 backups/daily/damneddesigns_daily.tar.gz
 28664222 backups/ondemand/damneddesigns_ondemand_20250423_213940.tar.gz
 28658446 backups/ondemand/damneddesigns_ondemand_20250423_114755.tar.gz
 28658400 backups/db_backups/ondemand/medusa_db_20250423_115537.sql.gz
[2025-04-26 03:03:06] Backup successfully uploaded to Google Drive
[2025-04-26 03:03:06] Cleaning up old backups...
[2025-04-26 03:03:07] Backup process completed successfully.
====================================================
Backup saved to: /root/damneddesigns/backups/damneddesigns_backup_20250426_030001.tar.gz
Backup sizes:
28M	/root/damneddesigns/backups/damneddesigns_backup_20250426_030001.tar.gz
====================================================
